  i2c.c: In function 'AccelTimerEventHandler':
i2c.c(145,86): warning :  conversion from 'int' to 'int16_t' {aka 'short int'} may change value [-Wconversion]
i2c.c(145,86): warning :    angular_rate_dps[0] = (lsm6dso_from_fs2000_to_mdps(data_raw_angular_rate.i16bit[0] - raw_angular_rate_calibration.i16bit[0])) / 1000.0;
i2c.c(145,86): warning :                                                       ~~~~~~~~~~~~~~~~~~~~~~~~~~~~~~~~^~~~~~~~~~~~~~~~~~~~~~~~~~~~~~~~~~~~~~~~
i2c.c(145,25): warning :  conversion from 'double' to 'float' may change value [-Wfloat-conversion]
i2c.c(145,25): warning :    angular_rate_dps[0] = (lsm6dso_from_fs2000_to_mdps(data_raw_angular_rate.i16bit[0] - raw_angular_rate_calibration.i16bit[0])) / 1000.0;
i2c.c(145,25): warning :                          ^
i2c.c(146,86): warning :  conversion from 'int' to 'int16_t' {aka 'short int'} may change value [-Wconversion]
i2c.c(146,86): warning :    angular_rate_dps[1] = (lsm6dso_from_fs2000_to_mdps(data_raw_angular_rate.i16bit[1] - raw_angular_rate_calibration.i16bit[1])) / 1000.0;
i2c.c(146,86): warning :                                                       ~~~~~~~~~~~~~~~~~~~~~~~~~~~~~~~~^~~~~~~~~~~~~~~~~~~~~~~~~~~~~~~~~~~~~~~~
i2c.c(146,25): warning :  conversion from 'double' to 'float' may change value [-Wfloat-conversion]
i2c.c(146,25): warning :    angular_rate_dps[1] = (lsm6dso_from_fs2000_to_mdps(data_raw_angular_rate.i16bit[1] - raw_angular_rate_calibration.i16bit[1])) / 1000.0;
i2c.c(146,25): warning :                          ^
i2c.c(147,86): warning :  conversion from 'int' to 'int16_t' {aka 'short int'} may change value [-Wconversion]
i2c.c(147,86): warning :    angular_rate_dps[2] = (lsm6dso_from_fs2000_to_mdps(data_raw_angular_rate.i16bit[2] - raw_angular_rate_calibration.i16bit[2])) / 1000.0;
i2c.c(147,86): warning :                                                       ~~~~~~~~~~~~~~~~~~~~~~~~~~~~~~~~^~~~~~~~~~~~~~~~~~~~~~~~~~~~~~~~~~~~~~~~
i2c.c(147,25): warning :  conversion from 'double' to 'float' may change value [-Wfloat-conversion]
i2c.c(147,25): warning :    angular_rate_dps[2] = (lsm6dso_from_fs2000_to_mdps(data_raw_angular_rate.i16bit[2] - raw_angular_rate_calibration.i16bit[2])) / 1000.0;
i2c.c(147,25): warning :                          ^
i2c.c(210,45): warning :  conversion from 'double' to 'float' may change value [-Wfloat-conversion]
i2c.c(210,45): warning :   altitude = 44330 * (1 - powf((pressure_hPa / 1013.25), 1 / 5.255));  // pressure altitude in meters
i2c.c(210,45): warning :                                ~~~~~~~~~~~~~~^~~~~~~~~~
i2c.c(210,59): warning :  conversion from 'double' to 'float' changes value from '1.9029495718363465e-1' to '1.90294951e-1f' [-Wfloat-conversion]
i2c.c(210,59): warning :   altitude = 44330 * (1 - powf((pressure_hPa / 1013.25), 1 / 5.255));  // pressure altitude in meters
i2c.c(210,59): warning :                                                          ~~^~~~~~~
i2c.c(210,59): warning : i2c.c: In function 'initI2c':
i2c.c(407,86): warning :  conversion from 'int' to 'int16_t' {aka 'short int'} may change value [-Wconversion]
i2c.c(407,86): warning :     angular_rate_dps[0] = lsm6dso_from_fs2000_to_mdps(data_raw_angular_rate.i16bit[0] - raw_angular_rate_calibration.i16bit[0]);
i2c.c(407,86): warning :                                                       ~~~~~~~~~~~~~~~~~~~~~~~~~~~~~~~~^~~~~~~~~~~~~~~~~~~~~~~~~~~~~~~~~~~~~~~~
i2c.c(408,86): warning :  conversion from 'int' to 'int16_t' {aka 'short int'} may change value [-Wconversion]
i2c.c(408,86): warning :     angular_rate_dps[1] = lsm6dso_from_fs2000_to_mdps(data_raw_angular_rate.i16bit[1] - raw_angular_rate_calibration.i16bit[1]);
i2c.c(408,86): warning :                                                       ~~~~~~~~~~~~~~~~~~~~~~~~~~~~~~~~^~~~~~~~~~~~~~~~~~~~~~~~~~~~~~~~~~~~~~~~
i2c.c(409,86): warning :  conversion from 'int' to 'int16_t' {aka 'short int'} may change value [-Wconversion]
i2c.c(409,86): warning :     angular_rate_dps[2] = lsm6dso_from_fs2000_to_mdps(data_raw_angular_rate.i16bit[2] - raw_angular_rate_calibration.i16bit[2]);
i2c.c(409,86): warning :                                                       ~~~~~~~~~~~~~~~~~~~~~~~~~~~~~~~~^~~~~~~~~~~~~~~~~~~~~~~~~~~~~~~~~~~~~~~~
i2c.c(413,31): warning :  suggest parentheses around comparison in operand of '==' [-Wparentheses]
i2c.c(413,31): warning :   } while (angular_rate_dps[0] == angular_rate_dps[1] == angular_rate_dps[2] == 0.0);
i2c.c(413,31): warning :            ~~~~~~~~~~~~~~~~~~~~^~~~~~~~~~~~~~~~~~~~~~
i2c.c(413,54): warning :  suggest parentheses around comparison in operand of '==' [-Wparentheses]
i2c.c(413,54): warning :   } while (angular_rate_dps[0] == angular_rate_dps[1] == angular_rate_dps[2] == 0.0);
i2c.c(413,54): warning :            ~~~~~~~~~~~~~~~~~~~~~~~~~~~~~~~~~~~~~~~~~~~^~~~~~~~~~~~~~~~~~~~~~
i2c.c(413,54): warning : i2c.c: In function 'lsm6dso_read_lps22hh_cx':
i2c.c(623,28): warning :  conversion from 'int' to 'uint8_t' {aka 'unsigned char'} may change value [-Wconversion]
i2c.c(623,28): warning :    sh_cfg_read.slv_subadd = reg+i;
i2c.c(623,28): warning :                             ^~~
i2c.c(658,42): warning :  passing argument 2 of 'lsm6dso_sh_read_data_raw_get' from incompatible pointer type [-Wincompatible-pointer-types]
i2c.c(658,42): warning :    lsm6dso_sh_read_data_raw_get(&dev_ctx, buffer);
i2c.c(658,42): warning :                                           ^~~~~~
i2c.c(658,42): warning : In file included from i2c.c:48:
i2c.c(658,42): warning : lsm6dso_reg.h:2608:61: note: expected 'lsm6dso_emb_sh_read_t *' {aka 'struct <anonymous> *'} but argument is of type 'uint8_t *' {aka 'unsigned char *'}
i2c.c(658,42): warning :                                       lsm6dso_emb_sh_read_t *val);
i2c.c(658,42): warning :                                       ~~~~~~~~~~~~~~~~~~~~~~~^~~
  Azure Sphere Utility version 19.5.4.53731
  Copyright (C) Microsoft Corporation. All rights reserved.
   
  Start time (UTC): Tuesday, 18 June 2019 16:41:16 
  verbose: Creating image package. 
  verbose: Azure Sphere application image package written. 
  verbose: Appending metadata. 
  verbose: Wrote metadata:
    Section: Identity
      Image Type:           Application
      Component ID:         38a5ca47-c21e-4b5b-a111-2510da1e3dd3
      Image ID:             f33ccf2d-82dd-4865-9c51-642bd4d187f3
    Section: Signature
      Signing Type:         ECDsa256
      Cert:                 a8d5cc6958f48710140d7a26160fc1cfc31f5df0
    Section: Debug
      Image Name:           LCDmini
      Built On (UTC):       6/18/2019 4:41:16 PM
      Built On (Local):     6/18/2019 11:41:16 AM
    Section: Temporary Image
      Remove image at boot: False
      Under development:    True
    Section: ABI Depends
      Depends on:           ApplicationRuntime, version 2
   
  verbose: Packaging completed successfully. 
  verbose: Output file is at: C:\Users\mxuser\source\repos\LCDmini\LCDmini\bin\ARM\Debug\LCDmini.imagepackage 
  Command completed successfully in 00:00:00.4291863. 
